<?xml version="1.0" encoding="UTF-8"?>
<!-- Generated by org.testng.reporters.JUnitXMLReporter -->
<testsuite hostname="APT04-8C1GQN2" name="Default test" tests="4" failures="0" timestamp="26 Dec 2018 13:01:19 GMT" time="0.018" errors="0">
  <testcase name="Test1" time="0.003" classname="com.testng.TestNGBasics"/>
  <testcase name="Test2" time="0.001" classname="com.testng.TestNGBasics"/>
  <testcase name="Test3" time="0.0" classname="com.testng.TestNGBasics"/>
  <testcase name="Test4" time="0.0" classname="com.testng.TestNGBasics"/>
</testsuite> <!-- Default test -->
